# JRE version: Java(TM) SE Runtime Environment (8.0_65-b17) (build 1.8.0_65-b17)
# Java VM: Java HotSpot(TM) 64-Bit Server VM (25.65-b01 mixed mode windows-amd64 compressed oops)
Heap:
 PSYoungGen      total 184832K, used 131415K [0x00000000eab00000, 0x00000000fbc80000, 0x0000000100000000)
  eden space 132096K, 67% used [0x00000000eab00000,0x00000000f02820b8,0x00000000f2c00000)
  from space 52736K, 79% used [0x00000000f2c00000,0x00000000f54d3e90,0x00000000f5f80000)
  to   space 58368K, 0% used [0x00000000f8380000,0x00000000f8380000,0x00000000fbc80000)
 ParOldGen       total 462336K, used 300281K [0x00000000c0000000, 0x00000000dc380000, 0x00000000eab00000)
  object space 462336K, 64% used [0x00000000c0000000,0x00000000d253e560,0x00000000dc380000)
 Metaspace       used 12620K, capacity 12861K, committed 13184K, reserved 1060864K
  class space    used 1259K, capacity 1351K, committed 1408K, reserved 1048576K
GC Heap History (10 events):
Event: 9.401 GC heap before
{Heap before GC invocations=8 (full 2):
 PSYoungGen      total 121344K, used 5056K [0x00000000eab00000, 0x00000000fda00000, 0x0000000100000000)
  eden space 116224K, 0% used [0x00000000eab00000,0x00000000eab00000,0x00000000f1c80000)
  from space 5120K, 98% used [0x00000000f3200000,0x00000000f36f0270,0x00000000f3700000)
  to   space 22016K, 0% used [0x00000000f1c80000,0x00000000f1c80000,0x00000000f3200000)
 ParOldGen       total 131584K, used 131241K [0x00000000c0000000, 0x00000000c8080000, 0x00000000eab00000)
  object space 131584K, 99% used [0x00000000c0000000,0x00000000c802a488,0x00000000c8080000)
 Metaspace       used 11633K, capacity 11831K, committed 12032K, reserved 1060864K
  class space    used 1159K, capacity 1222K, committed 1280K, reserved 1048576K
Event: 9.458 GC heap after
Heap after GC invocations=8 (full 2):
 PSYoungGen      total 121344K, used 4480K [0x00000000eab00000, 0x00000000fda00000, 0x0000000100000000)
  eden space 116224K, 0% used [0x00000000eab00000,0x00000000eab00000,0x00000000f1c80000)
  from space 5120K, 87% used [0x00000000f3200000,0x00000000f3660230,0x00000000f3700000)
  to   space 22016K, 0% used [0x00000000f1c80000,0x00000000f1c80000,0x00000000f3200000)
 ParOldGen       total 273408K, used 131573K [0x00000000c0000000, 0x00000000d0b00000, 0x00000000eab00000)
  object space 273408K, 48% used [0x00000000c0000000,0x00000000c807d6b8,0x00000000d0b00000)
 Metaspace       used 11633K, capacity 11831K, committed 12032K, reserved 1060864K
  class space    used 1159K, capacity 1222K, committed 1280K, reserved 1048576K
}
Event: 9.482 GC heap before
{Heap before GC invocations=9 (full 2):
 PSYoungGen      total 121344K, used 120657K [0x00000000eab00000, 0x00000000fda00000, 0x0000000100000000)
  eden space 116224K, 99% used [0x00000000eab00000,0x00000000f1c74560,0x00000000f1c80000)
  from space 5120K, 87% used [0x00000000f3200000,0x00000000f3660230,0x00000000f3700000)
  to   space 22016K, 0% used [0x00000000f1c80000,0x00000000f1c80000,0x00000000f3200000)
 ParOldGen       total 273408K, used 131573K [0x00000000c0000000, 0x00000000d0b00000, 0x00000000eab00000)
  object space 273408K, 48% used [0x00000000c0000000,0x00000000c807d6b8,0x00000000d0b00000)
 Metaspace       used 11633K, capacity 11831K, committed 12032K, reserved 1060864K
  class space    used 1159K, capacity 1222K, committed 1280K, reserved 1048576K
Event: 9.538 GC heap after
Heap after GC invocations=9 (full 2):
 PSYoungGen      total 138240K, used 21890K [0x00000000eab00000, 0x00000000f7980000, 0x0000000100000000)
  eden space 116224K, 0% used [0x00000000eab00000,0x00000000eab00000,0x00000000f1c80000)
  from space 22016K, 99% used [0x00000000f1c80000,0x00000000f31e0ab0,0x00000000f3200000)
  to   space 26624K, 0% used [0x00000000f5f80000,0x00000000f5f80000,0x00000000f7980000)
 ParOldGen       total 273408K, used 230273K [0x00000000c0000000, 0x00000000d0b00000, 0x00000000eab00000)
  object space 273408K, 84% used [0x00000000c0000000,0x00000000ce0e06e8,0x00000000d0b00000)
 Metaspace       used 11633K, capacity 11831K, committed 12032K, reserved 1060864K
  class space    used 1159K, capacity 1222K, committed 1280K, reserved 1048576K
}
Event: 9.538 GC heap before
{Heap before GC invocations=10 (full 3):
 PSYoungGen      total 138240K, used 21890K [0x00000000eab00000, 0x00000000f7980000, 0x0000000100000000)
  eden space 116224K, 0% used [0x00000000eab00000,0x00000000eab00000,0x00000000f1c80000)
  from space 22016K, 99% used [0x00000000f1c80000,0x00000000f31e0ab0,0x00000000f3200000)
  to   space 26624K, 0% used [0x00000000f5f80000,0x00000000f5f80000,0x00000000f7980000)
 ParOldGen       total 273408K, used 230273K [0x00000000c0000000, 0x00000000d0b00000, 0x00000000eab00000)
  object space 273408K, 84% used [0x00000000c0000000,0x00000000ce0e06e8,0x00000000d0b00000)
 Metaspace       used 11633K, capacity 11831K, committed 12032K, reserved 1060864K
  class space    used 1159K, capacity 1222K, committed 1280K, reserved 1048576K
Event: 9.611 GC heap after
Heap after GC invocations=10 (full 3):
 PSYoungGen      total 138240K, used 0K [0x00000000eab00000, 0x00000000f7980000, 0x0000000100000000)
  eden space 116224K, 0% used [0x00000000eab00000,0x00000000eab00000,0x00000000f1c80000)
  from space 22016K, 0% used [0x00000000f1c80000,0x00000000f1c80000,0x00000000f3200000)
  to   space 26624K, 0% used [0x00000000f5f80000,0x00000000f5f80000,0x00000000f7980000)
 ParOldGen       total 462336K, used 252163K [0x00000000c0000000, 0x00000000dc380000, 0x00000000eab00000)
  object space 462336K, 54% used [0x00000000c0000000,0x00000000cf640f68,0x00000000dc380000)
 Metaspace       used 11633K, capacity 11831K, committed 12032K, reserved 1060864K
  class space    used 1159K, capacity 1222K, committed 1280K, reserved 1048576K
}
Event: 10.558 GC heap before
{Heap before GC invocations=11 (full 3):
 PSYoungGen      total 138240K, used 116224K [0x00000000eab00000, 0x00000000f7980000, 0x0000000100000000)
  eden space 116224K, 100% used [0x00000000eab00000,0x00000000f1c80000,0x00000000f1c80000)
  from space 22016K, 0% used [0x00000000f1c80000,0x00000000f1c80000,0x00000000f3200000)
  to   space 26624K, 0% used [0x00000000f5f80000,0x00000000f5f80000,0x00000000f7980000)
 ParOldGen       total 462336K, used 252163K [0x00000000c0000000, 0x00000000dc380000, 0x00000000eab00000)
  object space 462336K, 54% used [0x00000000c0000000,0x00000000cf640f68,0x00000000dc380000)
 Metaspace       used 12266K, capacity 12509K, committed 12672K, reserved 1060864K
  class space    used 1242K, capacity 1319K, committed 1408K, reserved 1048576K
Event: 10.625 GC heap after
Heap after GC invocations=11 (full 3):
 PSYoungGen      total 158720K, used 26610K [0x00000000eab00000, 0x00000000fa400000, 0x0000000100000000)
  eden space 132096K, 0% used [0x00000000eab00000,0x00000000eab00000,0x00000000f2c00000)
  from space 26624K, 99% used [0x00000000f5f80000,0x00000000f797c870,0x00000000f7980000)
  to   space 52736K, 0% used [0x00000000f2c00000,0x00000000f2c00000,0x00000000f5f80000)
 ParOldGen       total 462336K, used 300273K [0x00000000c0000000, 0x00000000dc380000, 0x00000000eab00000)
  object space 462336K, 64% used [0x00000000c0000000,0x00000000d253c560,0x00000000dc380000)
 Metaspace       used 12266K, capacity 12509K, committed 12672K, reserved 1060864K
  class space    used 1242K, capacity 1319K, committed 1408K, reserved 1048576K
}
Event: 13.315 GC heap before
{Heap before GC invocations=12 (full 3):
 PSYoungGen      total 158720K, used 158706K [0x00000000eab00000, 0x00000000fa400000, 0x0000000100000000)
  eden space 132096K, 100% used [0x00000000eab00000,0x00000000f2c00000,0x00000000f2c00000)
  from space 26624K, 99% used [0x00000000f5f80000,0x00000000f797c870,0x00000000f7980000)
  to   space 52736K, 0% used [0x00000000f2c00000,0x00000000f2c00000,0x00000000f5f80000)
 ParOldGen       total 462336K, used 300273K [0x00000000c0000000, 0x00000000dc380000, 0x00000000eab00000)
  object space 462336K, 64% used [0x00000000c0000000,0x00000000d253c560,0x00000000dc380000)
 Metaspace       used 12544K, capacity 12797K, committed 12928K, reserved 1060864K
  class space    used 1258K, capacity 1351K, committed 1408K, reserved 1048576K
Event: 13.340 GC heap after
Heap after GC invocations=12 (full 3):
 PSYoungGen      total 184832K, used 41807K [0x00000000eab00000, 0x00000000fbc80000, 0x0000000100000000)
  eden space 132096K, 0% used [0x00000000eab00000,0x00000000eab00000,0x00000000f2c00000)
  from space 52736K, 79% used [0x00000000f2c00000,0x00000000f54d3e90,0x00000000f5f80000)
  to   space 58368K, 0% used [0x00000000f8380000,0x00000000f8380000,0x00000000fbc80000)
 ParOldGen       total 462336K, used 300281K [0x00000000c0000000, 0x00000000dc380000, 0x00000000eab00000)
  object space 462336K, 64% used [0x00000000c0000000,0x00000000d253e560,0x00000000dc380000)
 Metaspace       used 12544K, capacity 12797K, committed 12928K, reserved 1060864K
  class space    used 1258K, capacity 1351K, committed 1408K, reserved 1048576K
}

