# JRE version: Java(TM) SE Runtime Environment (8.0_65-b17) (build 1.8.0_65-b17)
# Java VM: Java HotSpot(TM) 64-Bit Server VM (25.65-b01 mixed mode windows-amd64 compressed oops)
Heap:
 PSYoungGen      total 222720K, used 74291K [0x00000000eab00000, 0x00000000fed80000, 0x0000000100000000)
  eden space 123392K, 42% used [0x00000000eab00000,0x00000000ede39360,0x00000000f2380000)
  from space 99328K, 21% used [0x00000000f8c80000,0x00000000fa1d3c20,0x00000000fed80000)
  to   space 103424K, 0% used [0x00000000f2380000,0x00000000f2380000,0x00000000f8880000)
 ParOldGen       total 464896K, used 348555K [0x00000000c0000000, 0x00000000dc600000, 0x00000000eab00000)
  object space 464896K, 74% used [0x00000000c0000000,0x00000000d5462cd0,0x00000000dc600000)
 Metaspace       used 12742K, capacity 13053K, committed 13184K, reserved 1060864K
  class space    used 1260K, capacity 1351K, committed 1408K, reserved 1048576K
GC Heap History (10 events):
Event: 23.483 GC heap before
{Heap before GC invocations=23 (full 3):
 PSYoungGen      total 232960K, used 162529K [0x00000000eab00000, 0x0000000100000000, 0x0000000100000000)
  eden space 116736K, 100% used [0x00000000eab00000,0x00000000f1d00000,0x00000000f1d00000)
  from space 116224K, 39% used [0x00000000f1d00000,0x00000000f49b85a0,0x00000000f8e80000)
  to   space 116224K, 0% used [0x00000000f8e80000,0x00000000f8e80000,0x0000000100000000)
 ParOldGen       total 464896K, used 324931K [0x00000000c0000000, 0x00000000dc600000, 0x00000000eab00000)
  object space 464896K, 69% used [0x00000000c0000000,0x00000000d3d50c88,0x00000000dc600000)
 Metaspace       used 12742K, capacity 13053K, committed 13184K, reserved 1060864K
  class space    used 1260K, capacity 1351K, committed 1408K, reserved 1048576K
Event: 23.505 GC heap after
Heap after GC invocations=23 (full 3):
 PSYoungGen      total 230912K, used 21839K [0x00000000eab00000, 0x00000000ffe00000, 0x0000000100000000)
  eden space 116736K, 0% used [0x00000000eab00000,0x00000000eab00000,0x00000000f1d00000)
  from space 114176K, 19% used [0x00000000f8e80000,0x00000000fa3d3c20,0x00000000ffe00000)
  to   space 115200K, 0% used [0x00000000f1d00000,0x00000000f1d00000,0x00000000f8d80000)
 ParOldGen       total 464896K, used 348547K [0x00000000c0000000, 0x00000000dc600000, 0x00000000eab00000)
  object space 464896K, 74% used [0x00000000c0000000,0x00000000d5460cd0,0x00000000dc600000)
 Metaspace       used 12742K, capacity 13053K, committed 13184K, reserved 1060864K
  class space    used 1260K, capacity 1351K, committed 1408K, reserved 1048576K
}
Event: 24.063 GC heap before
{Heap before GC invocations=24 (full 3):
 PSYoungGen      total 230912K, used 138575K [0x00000000eab00000, 0x00000000ffe00000, 0x0000000100000000)
  eden space 116736K, 100% used [0x00000000eab00000,0x00000000f1d00000,0x00000000f1d00000)
  from space 114176K, 19% used [0x00000000f8e80000,0x00000000fa3d3c20,0x00000000ffe00000)
  to   space 115200K, 0% used [0x00000000f1d00000,0x00000000f1d00000,0x00000000f8d80000)
 ParOldGen       total 464896K, used 348547K [0x00000000c0000000, 0x00000000dc600000, 0x00000000eab00000)
  object space 464896K, 74% used [0x00000000c0000000,0x00000000d5460cd0,0x00000000dc600000)
 Metaspace       used 12742K, capacity 13053K, committed 13184K, reserved 1060864K
  class space    used 1260K, capacity 1351K, committed 1408K, reserved 1048576K
Event: 24.074 GC heap after
Heap after GC invocations=24 (full 3):
 PSYoungGen      total 231936K, used 21871K [0x00000000eab00000, 0x00000000ffc00000, 0x0000000100000000)
  eden space 116736K, 0% used [0x00000000eab00000,0x00000000eab00000,0x00000000f1d00000)
  from space 115200K, 18% used [0x00000000f1d00000,0x00000000f325bc20,0x00000000f8d80000)
  to   space 112640K, 0% used [0x00000000f8e00000,0x00000000f8e00000,0x00000000ffc00000)
 ParOldGen       total 464896K, used 348555K [0x00000000c0000000, 0x00000000dc600000, 0x00000000eab00000)
  object space 464896K, 74% used [0x00000000c0000000,0x00000000d5462cd0,0x00000000dc600000)
 Metaspace       used 12742K, capacity 13053K, committed 13184K, reserved 1060864K
  class space    used 1260K, capacity 1351K, committed 1408K, reserved 1048576K
}
Event: 24.629 GC heap before
{Heap before GC invocations=25 (full 3):
 PSYoungGen      total 231936K, used 138607K [0x00000000eab00000, 0x00000000ffc00000, 0x0000000100000000)
  eden space 116736K, 100% used [0x00000000eab00000,0x00000000f1d00000,0x00000000f1d00000)
  from space 115200K, 18% used [0x00000000f1d00000,0x00000000f325bc20,0x00000000f8d80000)
  to   space 112640K, 0% used [0x00000000f8e00000,0x00000000f8e00000,0x00000000ffc00000)
 ParOldGen       total 464896K, used 348555K [0x00000000c0000000, 0x00000000dc600000, 0x00000000eab00000)
  object space 464896K, 74% used [0x00000000c0000000,0x00000000d5462cd0,0x00000000dc600000)
 Metaspace       used 12742K, capacity 13053K, committed 13184K, reserved 1060864K
  class space    used 1260K, capacity 1351K, committed 1408K, reserved 1048576K
Event: 24.639 GC heap after
Heap after GC invocations=25 (full 3):
 PSYoungGen      total 228352K, used 21839K [0x00000000eab00000, 0x00000000ff780000, 0x0000000100000000)
  eden space 120320K, 0% used [0x00000000eab00000,0x00000000eab00000,0x00000000f2080000)
  from space 108032K, 20% used [0x00000000f8e00000,0x00000000fa353c20,0x00000000ff780000)
  to   space 110080K, 0% used [0x00000000f2080000,0x00000000f2080000,0x00000000f8c00000)
 ParOldGen       total 464896K, used 348555K [0x00000000c0000000, 0x00000000dc600000, 0x00000000eab00000)
  object space 464896K, 74% used [0x00000000c0000000,0x00000000d5462cd0,0x00000000dc600000)
 Metaspace       used 12742K, capacity 13053K, committed 13184K, reserved 1060864K
  class space    used 1260K, capacity 1351K, committed 1408K, reserved 1048576K
}
Event: 25.218 GC heap before
{Heap before GC invocations=26 (full 3):
 PSYoungGen      total 228352K, used 142159K [0x00000000eab00000, 0x00000000ff780000, 0x0000000100000000)
  eden space 120320K, 100% used [0x00000000eab00000,0x00000000f2080000,0x00000000f2080000)
  from space 108032K, 20% used [0x00000000f8e00000,0x00000000fa353c20,0x00000000ff780000)
  to   space 110080K, 0% used [0x00000000f2080000,0x00000000f2080000,0x00000000f8c00000)
 ParOldGen       total 464896K, used 348555K [0x00000000c0000000, 0x00000000dc600000, 0x00000000eab00000)
  object space 464896K, 74% used [0x00000000c0000000,0x00000000d5462cd0,0x00000000dc600000)
 Metaspace       used 12742K, capacity 13053K, committed 13184K, reserved 1060864K
  class space    used 1260K, capacity 1351K, committed 1408K, reserved 1048576K
Event: 25.228 GC heap after
Heap after GC invocations=26 (full 3):
 PSYoungGen      total 230400K, used 21903K [0x00000000eab00000, 0x00000000ff500000, 0x0000000100000000)
  eden space 120320K, 0% used [0x00000000eab00000,0x00000000eab00000,0x00000000f2080000)
  from space 110080K, 19% used [0x00000000f2080000,0x00000000f35e3c20,0x00000000f8c00000)
  to   space 107008K, 0% used [0x00000000f8c80000,0x00000000f8c80000,0x00000000ff500000)
 ParOldGen       total 464896K, used 348555K [0x00000000c0000000, 0x00000000dc600000, 0x00000000eab00000)
  object space 464896K, 74% used [0x00000000c0000000,0x00000000d5462cd0,0x00000000dc600000)
 Metaspace       used 12742K, capacity 13053K, committed 13184K, reserved 1060864K
  class space    used 1260K, capacity 1351K, committed 1408K, reserved 1048576K
}
Event: 25.818 GC heap before
{Heap before GC invocations=27 (full 3):
 PSYoungGen      total 230400K, used 142223K [0x00000000eab00000, 0x00000000ff500000, 0x0000000100000000)
  eden space 120320K, 100% used [0x00000000eab00000,0x00000000f2080000,0x00000000f2080000)
  from space 110080K, 19% used [0x00000000f2080000,0x00000000f35e3c20,0x00000000f8c00000)
  to   space 107008K, 0% used [0x00000000f8c80000,0x00000000f8c80000,0x00000000ff500000)
 ParOldGen       total 464896K, used 348555K [0x00000000c0000000, 0x00000000dc600000, 0x00000000eab00000)
  object space 464896K, 74% used [0x00000000c0000000,0x00000000d5462cd0,0x00000000dc600000)
 Metaspace       used 12742K, capacity 13053K, committed 13184K, reserved 1060864K
  class space    used 1260K, capacity 1351K, committed 1408K, reserved 1048576K
Event: 25.830 GC heap after
Heap after GC invocations=27 (full 3):
 PSYoungGen      total 222720K, used 21839K [0x00000000eab00000, 0x00000000fed80000, 0x0000000100000000)
  eden space 123392K, 0% used [0x00000000eab00000,0x00000000eab00000,0x00000000f2380000)
  from space 99328K, 21% used [0x00000000f8c80000,0x00000000fa1d3c20,0x00000000fed80000)
  to   space 103424K, 0% used [0x00000000f2380000,0x00000000f2380000,0x00000000f8880000)
 ParOldGen       total 464896K, used 348555K [0x00000000c0000000, 0x00000000dc600000, 0x00000000eab00000)
  object space 464896K, 74% used [0x00000000c0000000,0x00000000d5462cd0,0x00000000dc600000)
 Metaspace       used 12742K, capacity 13053K, committed 13184K, reserved 1060864K
  class space    used 1260K, capacity 1351K, committed 1408K, reserved 1048576K
}

